Using pre-set license
Built from '2020.3/staging' branch; Version is '2020.3.0f1 (c7b5465681fb) revision 13088070'; Using compiler version '192528614'; Build Type 'Release'
OS: 'Windows 10 Home; OS build 18363.1316; Version 1909; 64bit' Language: 'en' Physical Memory: 8101 MB
BatchMode: 1, IsHumanControllingUs: 0, StartBugReporterOnCrash: 0, Is64bit: 1, IsPro: 0

 COMMAND LINE ARGUMENTS:
C:\Program Files\Unity\Hub\Editor\2020.3.0f1\Editor\Unity.exe
-adb2
-batchMode
-noUpm
-name
AssetImportWorker0
-projectPath
C:/Users/larus/Desktop/Unity-Leikjaforritun/Skilaverkefni/Skilaverkefni3
-logFile
Logs/AssetImportWorker0.log
-srvPort
57093
Successfully changed project path to: C:/Users/larus/Desktop/Unity-Leikjaforritun/Skilaverkefni/Skilaverkefni3
C:/Users/larus/Desktop/Unity-Leikjaforritun/Skilaverkefni/Skilaverkefni3
Using Asset Import Pipeline V2.
Refreshing native plugins compatible for Editor in 48.10 ms, found 0 plugins.
Preloading 0 native plugins for Editor in 0.00 ms.
Initialize engine version: 2020.3.0f1 (c7b5465681fb)
[Subsystems] Discovering subsystems at path C:/Program Files/Unity/Hub/Editor/2020.3.0f1/Editor/Data/Resources/UnitySubsystems
[Subsystems] Discovering subsystems at path C:/Users/larus/Desktop/Unity-Leikjaforritun/Skilaverkefni/Skilaverkefni3/Assets
GfxDevice: creating device client; threaded=0
Direct3D:
    Version:  Direct3D 11.0 [level 11.1]
    Renderer: Intel(R) UHD Graphics 620 (ID=0x5917)
    Vendor:   
    VRAM:     4050 MB
    Driver:   27.20.100.8190
Initialize mono
Mono path[0] = 'C:/Program Files/Unity/Hub/Editor/2020.3.0f1/Editor/Data/Managed'
Mono path[1] = 'C:/Program Files/Unity/Hub/Editor/2020.3.0f1/Editor/Data/MonoBleedingEdge/lib/mono/unityjit'
Mono config path = 'C:/Program Files/Unity/Hub/Editor/2020.3.0f1/Editor/Data/MonoBleedingEdge/etc'
Using monoOptions --debugger-agent=transport=dt_socket,embedding=1,server=y,suspend=n,address=127.0.0.1:56828
Begin MonoManager ReloadAssembly
Registering precompiled unity dll's ...
Register platform support module: C:/Program Files/Unity/Hub/Editor/2020.3.0f1/Editor/Data/PlaybackEngines/WindowsStandaloneSupport/UnityEditor.WindowsStandalone.Extensions.dll
Registered in 0.002803 seconds.
Native extension for WindowsStandalone target not found
Refreshing native plugins compatible for Editor in 40.03 ms, found 0 plugins.
Preloading 0 native plugins for Editor in 0.00 ms.
Unable to find bridge dll in registry for Microsoft Visual Studio Tools for Unity for C:/Program Files (x86)/Microsoft Visual Studio/2019/Community/Common7/IDE/devenv.exe
Invoked RoslynAnalysisRunner static constructor.
RoslynAnalysisRunner will not be running.
RoslynAnalysisRunner has terminated.
Mono: successfully reloaded assembly
- Completed reload, in  3.000 seconds
Platform modules already initialized, skipping
Registering precompiled user dll's ...
Registered in 0.003293 seconds.
Begin MonoManager ReloadAssembly
Native extension for WindowsStandalone target not found
Refreshing native plugins compatible for Editor in 0.39 ms, found 0 plugins.
Preloading 0 native plugins for Editor in 0.00 ms.
Invoked RoslynAnalysisRunner static constructor.
RoslynAnalysisRunner will not be running.
RoslynAnalysisRunner has terminated.
Mono: successfully reloaded assembly
- Completed reload, in  0.956 seconds
Platform modules already initialized, skipping
========================================================================
Worker process is ready to serve import requests
Launched and connected shader compiler UnityShaderCompiler.exe after 0.09 seconds
Refreshing native plugins compatible for Editor in 0.44 ms, found 0 plugins.
Preloading 0 native plugins for Editor in 0.00 ms.
Unloading 1418 Unused Serialized files (Serialized files now loaded: 0)
System memory in use before: 65.0 MB.
System memory in use after: 65.0 MB.

Unloading 33 unused Assets to reduce memory usage. Loaded Objects now: 1848.
Total: 5.077300 ms (FindLiveObjects: 0.177600 ms CreateObjectMapping: 0.054600 ms MarkObjects: 4.748400 ms  DeleteObjects: 0.095300 ms)

========================================================================
Received Import Request.
  path: Assets/scriptur
  artifactKey: Guid(e36908d8523156b44814d25456a8dc79) Importer(815301076,1909f56bfc062723c751e8b465ee728b)
Start importing Assets/scriptur using Guid(e36908d8523156b44814d25456a8dc79) Importer(815301076,1909f56bfc062723c751e8b465ee728b)  -> (artifact id: '092dfa48c08e9bcf6899de69ad108664') in 0.014380 seconds
  Import took 0.020287 seconds .

========================================================================
Received Import Request.
  Time since last request: 177.533445 seconds.
  path: Assets/material/New Material 1.mat
  artifactKey: Guid(52e478700b6599642a5103506b53748e) Importer(815301076,1909f56bfc062723c751e8b465ee728b)
Start importing Assets/material/New Material 1.mat using Guid(52e478700b6599642a5103506b53748e) Importer(815301076,1909f56bfc062723c751e8b465ee728b)  -> (artifact id: '9c84389b9fd230d12a091dbe263f917a') in 0.182614 seconds
  Import took 0.185770 seconds .

========================================================================
Received Import Request.
  Time since last request: 0.000355 seconds.
  path: Assets/material/New Material.mat
  artifactKey: Guid(96088d4624355b441b09464e4cedadb8) Importer(815301076,1909f56bfc062723c751e8b465ee728b)
Start importing Assets/material/New Material.mat using Guid(96088d4624355b441b09464e4cedadb8) Importer(815301076,1909f56bfc062723c751e8b465ee728b)  -> (artifact id: '4e7c2e48aa3d0d5f0adb888c437335c5') in 0.022303 seconds
  Import took 0.025190 seconds .

========================================================================
Received Import Request.
  Time since last request: 0.000350 seconds.
  path: Assets/material/New Material 2.mat
  artifactKey: Guid(88a2c001524de594d89d8f6d7c7b24cb) Importer(815301076,1909f56bfc062723c751e8b465ee728b)
Start importing Assets/material/New Material 2.mat using Guid(88a2c001524de594d89d8f6d7c7b24cb) Importer(815301076,1909f56bfc062723c751e8b465ee728b)  -> (artifact id: '6ce31d45293f637744dbc532c9b1b8c2') in 0.019625 seconds
  Import took 0.022461 seconds .

========================================================================
Received Import Request.
  Time since last request: 52.058998 seconds.
  path: Assets/scriptur/playerFollower.cs
  artifactKey: Guid(2213cf29e78f1c84dbb84deda884882b) Importer(815301076,1909f56bfc062723c751e8b465ee728b)
Start importing Assets/scriptur/playerFollower.cs using Guid(2213cf29e78f1c84dbb84deda884882b) Importer(815301076,1909f56bfc062723c751e8b465ee728b)  -> (artifact id: 'd672d129c5ff24015201a674bfc807a6') in 0.024684 seconds
  Import took 0.027162 seconds .

========================================================================
Received Prepare
Registering precompiled user dll's ...
Registered in 0.003319 seconds.
Begin MonoManager ReloadAssembly
Native extension for WindowsStandalone target not found
Refreshing native plugins compatible for Editor in 0.47 ms, found 0 plugins.
Preloading 0 native plugins for Editor in 0.00 ms.
Invoked RoslynAnalysisRunner static constructor.
RoslynAnalysisRunner will not be running.
RoslynAnalysisRunner has terminated.
Mono: successfully reloaded assembly
- Completed reload, in  0.931 seconds
Platform modules already initialized, skipping
Refreshing native plugins compatible for Editor in 0.42 ms, found 0 plugins.
Preloading 0 native plugins for Editor in 0.00 ms.
Unloading 1412 Unused Serialized files (Serialized files now loaded: 0)
System memory in use before: 68.2 MB.
System memory in use after: 68.3 MB.

Unloading 24 unused Assets to reduce memory usage. Loaded Objects now: 1891.
Total: 2.187500 ms (FindLiveObjects: 0.188600 ms CreateObjectMapping: 0.047400 ms MarkObjects: 1.930000 ms  DeleteObjects: 0.019600 ms)

========================================================================
Received Prepare
Registering precompiled user dll's ...
Registered in 0.007812 seconds.
Begin MonoManager ReloadAssembly
Native extension for WindowsStandalone target not found
Refreshing native plugins compatible for Editor in 0.48 ms, found 0 plugins.
Preloading 0 native plugins for Editor in 0.00 ms.
Invoked RoslynAnalysisRunner static constructor.
RoslynAnalysisRunner will not be running.
RoslynAnalysisRunner has terminated.
Mono: successfully reloaded assembly
- Completed reload, in  1.249 seconds
Platform modules already initialized, skipping
Refreshing native plugins compatible for Editor in 0.48 ms, found 0 plugins.
Preloading 0 native plugins for Editor in 0.00 ms.
Unloading 1412 Unused Serialized files (Serialized files now loaded: 0)
System memory in use before: 68.2 MB.
System memory in use after: 68.3 MB.

Unloading 24 unused Assets to reduce memory usage. Loaded Objects now: 1894.
Total: 3.950000 ms (FindLiveObjects: 0.259600 ms CreateObjectMapping: 0.085700 ms MarkObjects: 3.573100 ms  DeleteObjects: 0.029300 ms)

AssetImportWorkerClient::OnTransportError - code=2 error=End of file
